<?xml version="1.0" encoding="UTF-8"?>
<coverage generated="1575517725959" clover="3.2.0">
  <project timestamp="1575517725960" name="All files">
    <metrics statements="20" coveredstatements="20" conditionals="0" coveredconditionals="0" methods="9" coveredmethods="8" elements="29" coveredelements="28" complexity="0" loc="20" ncloc="20" packages="1" files="1" classes="1"/>
    <file name="file-sys-funct.js" path="/Users/aaronglenn/alchemy/career-track/03LabCT/lib/file-sys-funct.js">
      <metrics statements="20" coveredstatements="20" conditionals="0" coveredconditionals="0" methods="9" coveredmethods="8"/>
      <line num="1" count="1" type="stmt"/>
      <line num="3" count="1" type="stmt"/>
      <line num="5" count="1" type="stmt"/>
      <line num="9" count="1" type="stmt"/>
      <line num="10" count="1" type="stmt"/>
      <line num="11" count="1" type="stmt"/>
      <line num="14" count="1" type="stmt"/>
      <line num="15" count="2" type="stmt"/>
      <line num="16" count="1" type="stmt"/>
      <line num="19" count="1" type="stmt"/>
      <line num="21" count="1" type="stmt"/>
      <line num="24" count="1" type="stmt"/>
      <line num="25" count="1" type="stmt"/>
      <line num="26" count="1" type="stmt"/>
      <line num="27" count="1" type="stmt"/>
      <line num="28" count="1" type="stmt"/>
      <line num="30" count="1" type="stmt"/>
      <line num="33" count="1" type="stmt"/>
      <line num="34" count="1" type="stmt"/>
      <line num="39" count="1" type="stmt"/>
    </file>
  </project>
</coverage>
