{"/Users/aaronglenn/alchemy/career-track/03LabCT/lib/file-sys-funct.js": {"path":"/Users/aaronglenn/alchemy/career-track/03LabCT/lib/file-sys-funct.js","statementMap":{"0":{"start":{"line":1,"column":11},"end":{"line":1,"column":33}},"1":{"start":{"line":3,"column":23},"end":{"line":7,"column":1}},"2":{"start":{"line":5,"column":4},"end":{"line":5,"column":47}},"3":{"start":{"line":9,"column":18},"end":{"line":12,"column":1}},"4":{"start":{"line":10,"column":4},"end":{"line":11,"column":25}},"5":{"start":{"line":11,"column":20},"end":{"line":11,"column":23}},"6":{"start":{"line":14,"column":17},"end":{"line":17,"column":1}},"7":{"start":{"line":15,"column":4},"end":{"line":16,"column":48}},"8":{"start":{"line":16,"column":26},"end":{"line":16,"column":46}},"9":{"start":{"line":19,"column":26},"end":{"line":22,"column":1}},"10":{"start":{"line":21,"column":4},"end":{"line":21,"column":69}},"11":{"start":{"line":21,"column":52},"end":{"line":21,"column":66}},"12":{"start":{"line":24,"column":19},"end":{"line":31,"column":1}},"13":{"start":{"line":25,"column":25},"end":{"line":25,"column":39}},"14":{"start":{"line":26,"column":20},"end":{"line":26,"column":42}},"15":{"start":{"line":27,"column":4},"end":{"line":29,"column":5}},"16":{"start":{"line":27,"column":16},"end":{"line":27,"column":17}},"17":{"start":{"line":28,"column":8},"end":{"line":28,"column":52}},"18":{"start":{"line":30,"column":4},"end":{"line":30,"column":24}},"19":{"start":{"line":33,"column":19},"end":{"line":35,"column":1}},"20":{"start":{"line":34,"column":4},"end":{"line":34,"column":27}},"21":{"start":{"line":39,"column":0},"end":{"line":39,"column":100}}},"fnMap":{"0":{"name":"(anonymous_0)","decl":{"start":{"line":3,"column":23},"end":{"line":3,"column":24}},"loc":{"start":{"line":3,"column":30},"end":{"line":7,"column":1}},"line":3},"1":{"name":"(anonymous_1)","decl":{"start":{"line":9,"column":18},"end":{"line":9,"column":19}},"loc":{"start":{"line":9,"column":33},"end":{"line":12,"column":1}},"line":9},"2":{"name":"(anonymous_2)","decl":{"start":{"line":11,"column":14},"end":{"line":11,"column":15}},"loc":{"start":{"line":11,"column":20},"end":{"line":11,"column":23}},"line":11},"3":{"name":"(anonymous_3)","decl":{"start":{"line":14,"column":17},"end":{"line":14,"column":18}},"loc":{"start":{"line":14,"column":27},"end":{"line":17,"column":1}},"line":14},"4":{"name":"(anonymous_4)","decl":{"start":{"line":16,"column":14},"end":{"line":16,"column":15}},"loc":{"start":{"line":16,"column":26},"end":{"line":16,"column":46}},"line":16},"5":{"name":"(anonymous_5)","decl":{"start":{"line":19,"column":26},"end":{"line":19,"column":27}},"loc":{"start":{"line":19,"column":36},"end":{"line":22,"column":1}},"line":19},"6":{"name":"(anonymous_6)","decl":{"start":{"line":21,"column":44},"end":{"line":21,"column":45}},"loc":{"start":{"line":21,"column":52},"end":{"line":21,"column":66}},"line":21},"7":{"name":"(anonymous_7)","decl":{"start":{"line":24,"column":19},"end":{"line":24,"column":20}},"loc":{"start":{"line":24,"column":37},"end":{"line":31,"column":1}},"line":24},"8":{"name":"(anonymous_8)","decl":{"start":{"line":33,"column":19},"end":{"line":33,"column":20}},"loc":{"start":{"line":33,"column":29},"end":{"line":35,"column":1}},"line":33}},"branchMap":{},"s":{"0":1,"1":1,"2":1,"3":1,"4":1,"5":1,"6":1,"7":2,"8":1,"9":1,"10":1,"11":0,"12":1,"13":1,"14":1,"15":1,"16":1,"17":1,"18":1,"19":1,"20":1,"21":1},"f":{"0":1,"1":1,"2":1,"3":2,"4":1,"5":1,"6":0,"7":1,"8":1},"b":{},"_coverageSchema":"43e27e138ebf9cfc5966b082cf9a028302ed4184","hash":"a10274dba8a7a19e0e1d5c9a5ccf144e2e8d60aa"}
}
