TN:
SF:/Users/aaronglenn/alchemy/career-track/03LabCT/lib/file-sys-funct.js
FN:3,(anonymous_0)
FN:9,(anonymous_1)
FN:11,(anonymous_2)
FN:14,(anonymous_3)
FN:16,(anonymous_4)
FN:19,(anonymous_5)
FN:21,(anonymous_6)
FN:24,(anonymous_7)
FN:33,(anonymous_8)
FNF:9
FNH:8
FNDA:1,(anonymous_0)
FNDA:1,(anonymous_1)
FNDA:1,(anonymous_2)
FNDA:2,(anonymous_3)
FNDA:1,(anonymous_4)
FNDA:1,(anonymous_5)
FNDA:0,(anonymous_6)
FNDA:1,(anonymous_7)
FNDA:1,(anonymous_8)
DA:1,1
DA:3,1
DA:5,1
DA:9,1
DA:10,1
DA:11,1
DA:14,1
DA:15,2
DA:16,1
DA:19,1
DA:21,1
DA:24,1
DA:25,1
DA:26,1
DA:27,1
DA:28,1
DA:30,1
DA:33,1
DA:34,1
DA:39,1
LF:20
LH:20
BRF:0
BRH:0
end_of_record
